<?xml version="1.0" encoding="UTF-8"?>
<!-- Generated by org.testng.reporters.JUnitReportReporter -->
<testsuite skipped="0" hostname="DESKTOP-ISN1DIN" name="com.training.sanity.tests.RETC_067_TEST" tests="3" failures="0" timestamp="04 Apr 2019 12:00:18 GMT" time="9.567" errors="0">
  <testcase name="clickOnNewLaunch" time="7.342" classname="com.training.sanity.tests.RETC_067_TEST"/>
  <testcase name="enterCredential" time="1.164" classname="com.training.sanity.tests.RETC_067_TEST"/>
  <testcase name="enterCredential" time="1.061" classname="com.training.sanity.tests.RETC_067_TEST"/>
</testsuite> <!-- com.training.sanity.tests.RETC_067_TEST -->
