<?xml version="1.0" encoding="UTF-8"?>
<!-- Generated by org.testng.reporters.JUnitReportReporter -->
<testsuite skipped="0" hostname="DESKTOP-ISN1DIN" name="com.training.sanity.tests.RECT_010_TEST" tests="2" failures="0" timestamp="11 Mar 2019 14:34:45 GMT" time="51.358" errors="0">
  <testcase name="clickOnNewLaunch" time="49.700" classname="com.training.sanity.tests.RECT_010_TEST"/>
  <testcase name="enterCredential" time="1.658" classname="com.training.sanity.tests.RECT_010_TEST"/>
</testsuite> <!-- com.training.sanity.tests.RECT_010_TEST -->
