<?xml version="1.0" encoding="UTF-8"?>
<!-- Generated by org.testng.reporters.JUnitReportReporter -->
<testsuite skipped="0" hostname="DESKTOP-ISN1DIN" name="com.training.sanity.tests.RETC_010_TEST" tests="2" failures="0" timestamp="04 Apr 2019 11:23:29 GMT" time="13.367" errors="0">
  <testcase name="clickOnNewLaunch" time="12.149" classname="com.training.sanity.tests.RETC_010_TEST"/>
  <testcase name="enterCredential" time="1.218" classname="com.training.sanity.tests.RETC_010_TEST"/>
</testsuite> <!-- com.training.sanity.tests.RETC_010_TEST -->
