<?xml version="1.0" encoding="UTF-8"?>
<!-- Generated by org.testng.reporters.JUnitReportReporter -->
<testsuite skipped="0" hostname="DESKTOP-ISN1DIN" name="com.training.sanity.tests.RETC_006_TEST" tests="1" failures="0" timestamp="04 Apr 2019 15:51:13 GMT" time="237.785" errors="0">
  <testcase name="clickLoginRegister" time="237.785" classname="com.training.sanity.tests.RETC_006_TEST"/>
</testsuite> <!-- com.training.sanity.tests.RETC_006_TEST -->
