<?xml version="1.0" encoding="UTF-8"?>
<!-- Generated by org.testng.reporters.JUnitReportReporter -->
<testsuite skipped="0" hostname="DESKTOP-ISN1DIN" name="com.training.sanity.tests.NewTest1" tests="3" failures="0" timestamp="18 Mar 2019 10:50:50 GMT" time="0.021" errors="0">
  <testcase name="C" time="0.003" classname="com.training.sanity.tests.NewTest1"/>
  <testcase name="B" time="0.002" classname="com.training.sanity.tests.NewTest1"/>
  <testcase name="D" time="0.016" classname="com.training.sanity.tests.NewTest1"/>
</testsuite> <!-- com.training.sanity.tests.NewTest1 -->
