<?xml version="1.0" encoding="UTF-8"?>
<!-- Generated by org.testng.reporters.JUnitReportReporter -->
<testsuite skipped="0" hostname="DESKTOP-ISN1DIN" name="com.training.sanity.tests.RECT_008_TEST" tests="2" failures="0" timestamp="11 Mar 2019 04:29:26 GMT" time="7.626" errors="0">
  <testcase name="clkOnAprtmntTbLnk" time="6.675" classname="com.training.sanity.tests.RECT_008_TEST"/>
  <testcase name="mortCalculation" time="0.951" classname="com.training.sanity.tests.RECT_008_TEST"/>
</testsuite> <!-- com.training.sanity.tests.RECT_008_TEST -->
