<?xml version="1.0" encoding="UTF-8"?>
<!-- Generated by org.testng.reporters.JUnitReportReporter -->
<testsuite skipped="0" hostname="DESKTOP-ISN1DIN" name="com.training.sanity.tests.RETC_038_TEST" tests="6" failures="0" timestamp="14 Mar 2019 14:42:51 GMT" time="10.522" errors="0">
  <testcase name="clickOnVilla" time="1.837" classname="com.training.sanity.tests.RETC_038_TEST"/>
  <testcase name="clickOnSearchIcon" time="0.313" classname="com.training.sanity.tests.RETC_038_TEST"/>
  <testcase name="clkOnLnk" time="1.459" classname="com.training.sanity.tests.RETC_038_TEST"/>
  <testcase name="backToParentWin" time="0.051" classname="com.training.sanity.tests.RETC_038_TEST"/>
  <testcase name="clkOnDrpLnk" time="4.559" classname="com.training.sanity.tests.RETC_038_TEST"/>
  <testcase name="enterDetails" time="2.303" classname="com.training.sanity.tests.RETC_038_TEST"/>
</testsuite> <!-- com.training.sanity.tests.RETC_038_TEST -->
