<?xml version="1.0" encoding="UTF-8"?>
<!-- Generated by org.testng.reporters.JUnitReportReporter -->
<testsuite skipped="0" hostname="DESKTOP-ISN1DIN" name="com.training.sanity.tests.RETC_006_TEST" tests="1" failures="0" timestamp="04 Apr 2019 11:08:40 GMT" time="37.950" errors="0">
  <testcase name="clickLoginRegister" time="37.950" classname="com.training.sanity.tests.RETC_006_TEST"/>
</testsuite> <!-- com.training.sanity.tests.RETC_006_TEST -->
