<?xml version="1.0" encoding="UTF-8"?>
<!-- Generated by org.testng.reporters.JUnitReportReporter -->
<testsuite skipped="0" hostname="DESKTOP-ISN1DIN" name="com.training.sanity.tests.RETC_009" tests="1" failures="0" timestamp="11 Mar 2019 14:45:10 GMT" time="80.006" errors="0">
  <testcase name="ApartmentSearchTest" time="80.006" classname="com.training.sanity.tests.RETC_009"/>
</testsuite> <!-- com.training.sanity.tests.RETC_009 -->
