<?xml version="1.0" encoding="UTF-8"?>
<!-- Generated by org.testng.reporters.JUnitReportReporter -->
<testsuite skipped="0" hostname="DESKTOP-ISN1DIN" name="com.training.sanity.tests.RETC_070_TEST" tests="1" failures="0" timestamp="05 Apr 2019 07:17:34 GMT" time="59.758" errors="0">
  <testcase name="PublishFeature" time="59.758" classname="com.training.sanity.tests.RETC_070_TEST"/>
</testsuite> <!-- com.training.sanity.tests.RETC_070_TEST -->
